{"C:\\web\\peddle\\src\\api\\middlewares\\auth.ts": {"path":"C:\\web\\peddle\\src\\api\\middlewares\\auth.ts","statementMap":{"0":{"start":{"line":2,"column":0},"end":{"line":2,"column":49}},"1":{"start":{"line":3,"column":0},"end":{"line":3,"column":47}},"2":{"start":{"line":9,"column":4},"end":{"line":9,"column":19}},"3":{"start":{"line":10,"column":4},"end":{"line":10,"column":25}},"4":{"start":{"line":6,"column":0},"end":{"line":6,"column":13}},"5":{"start":{"line":15,"column":2},"end":{"line":34,"column":null}},"6":{"start":{"line":16,"column":18},"end":{"line":16,"column":86}},"7":{"start":{"line":17,"column":4},"end":{"line":27,"column":null}},"8":{"start":{"line":18,"column":6},"end":{"line":24,"column":null}},"9":{"start":{"line":19,"column":8},"end":{"line":19,"column":51}},"10":{"start":{"line":20,"column":8},"end":{"line":20,"column":15}},"11":{"start":{"line":22,"column":8},"end":{"line":22,"column":32}},"12":{"start":{"line":23,"column":8},"end":{"line":23,"column":59}},"13":{"start":{"line":26,"column":6},"end":{"line":26,"column":63}},"14":{"start":{"line":30,"column":4},"end":{"line":32,"column":null}},"15":{"start":{"line":31,"column":6},"end":{"line":31,"column":16}},"16":{"start":{"line":33,"column":4},"end":{"line":33,"column":61}},"17":{"start":{"line":37,"column":0},"end":{"line":37,"column":37}}},"fnMap":{"0":{"name":"(anonymous_0)","decl":{"start":{"line":8,"column":2},"end":{"line":8,"column":14}},"loc":{"start":{"line":8,"column":45},"end":{"line":11,"column":3}}},"1":{"name":"decodeTokenMiddleware","decl":{"start":{"line":14,"column":15},"end":{"line":14,"column":36}},"loc":{"start":{"line":14,"column":45},"end":{"line":35,"column":1}}}},"branchMap":{"0":{"loc":{"start":{"line":16,"column":18},"end":{"line":16,"column":86}},"type":"binary-expr","locations":[{"start":{"line":16,"column":18},"end":{"line":16,"column":57}},{"start":{"line":16,"column":61},"end":{"line":16,"column":86}}]},"1":{"loc":{"start":{"line":17,"column":4},"end":{"line":27,"column":null}},"type":"if","locations":[{"start":{"line":17,"column":4},"end":{"line":27,"column":null}},{"start":{"line":25,"column":11},"end":{"line":27,"column":null}}]},"2":{"loc":{"start":{"line":30,"column":4},"end":{"line":32,"column":null}},"type":"if","locations":[{"start":{"line":30,"column":4},"end":{"line":32,"column":null}}]}},"s":{"0":1,"1":1,"2":2,"3":2,"4":1,"5":3,"6":3,"7":2,"8":2,"9":2,"10":1,"11":1,"12":1,"13":0,"14":2,"15":1,"16":1,"17":1},"f":{"0":2,"1":3},"b":{"0":[3,0],"1":[2,0],"2":[1]}}
,"C:\\web\\peddle\\src\\api\\utils\\password.ts": {"path":"C:\\web\\peddle\\src\\api\\utils\\password.ts","statementMap":{"0":{"start":{"line":1,"column":0},"end":{"line":1,"column":28}},"1":{"start":{"line":4,"column":28},"end":{"line":8,"column":1}},"2":{"start":{"line":5,"column":15},"end":{"line":5,"column":53}},"3":{"start":{"line":6,"column":15},"end":{"line":6,"column":85}},"4":{"start":{"line":7,"column":2},"end":{"line":7,"column":27}},"5":{"start":{"line":4,"column":13},"end":{"line":4,"column":28}},"6":{"start":{"line":11,"column":29},"end":{"line":15,"column":1}},"7":{"start":{"line":12,"column":23},"end":{"line":12,"column":48}},"8":{"start":{"line":13,"column":18},"end":{"line":13,"column":88}},"9":{"start":{"line":14,"column":2},"end":{"line":14,"column":26}},"10":{"start":{"line":11,"column":13},"end":{"line":11,"column":29}}},"fnMap":{"0":{"name":"(anonymous_1)","decl":{"start":{"line":4,"column":28},"end":{"line":4,"column":33}},"loc":{"start":{"line":4,"column":72},"end":{"line":8,"column":1}}},"1":{"name":"(anonymous_2)","decl":{"start":{"line":11,"column":29},"end":{"line":11,"column":34}},"loc":{"start":{"line":11,"column":98},"end":{"line":15,"column":1}}}},"branchMap":{},"s":{"0":1,"1":1,"2":3,"3":3,"4":3,"5":1,"6":1,"7":2,"8":2,"9":2,"10":1},"f":{"0":3,"1":2},"b":{}}
,"C:\\web\\peddle\\src\\api\\utils\\tokenizer.ts": {"path":"C:\\web\\peddle\\src\\api\\utils\\tokenizer.ts","statementMap":{"0":{"start":{"line":1,"column":0},"end":{"line":1,"column":43}},"1":{"start":{"line":2,"column":0},"end":{"line":2,"column":46}},"2":{"start":{"line":4,"column":27},"end":{"line":20,"column":3}},"3":{"start":{"line":5,"column":4},"end":{"line":5,"column":32}},"4":{"start":{"line":7,"column":4},"end":{"line":9,"column":null}},"5":{"start":{"line":8,"column":6},"end":{"line":8,"column":55}},"6":{"start":{"line":11,"column":4},"end":{"line":19,"column":null}},"7":{"start":{"line":13,"column":6},"end":{"line":13,"column":68}},"8":{"start":{"line":18,"column":6},"end":{"line":18,"column":16}},"9":{"start":{"line":4,"column":15},"end":{"line":4,"column":27}},"10":{"start":{"line":23,"column":29},"end":{"line":38,"column":3}},"11":{"start":{"line":25,"column":4},"end":{"line":27,"column":null}},"12":{"start":{"line":26,"column":6},"end":{"line":26,"column":55}},"13":{"start":{"line":29,"column":4},"end":{"line":37,"column":null}},"14":{"start":{"line":31,"column":6},"end":{"line":31,"column":47}},"15":{"start":{"line":36,"column":6},"end":{"line":36,"column":16}},"16":{"start":{"line":23,"column":15},"end":{"line":23,"column":29}},"17":{"start":{"line":41,"column":30},"end":{"line":58,"column":3}},"18":{"start":{"line":43,"column":4},"end":{"line":45,"column":null}},"19":{"start":{"line":44,"column":6},"end":{"line":44,"column":55}},"20":{"start":{"line":47,"column":4},"end":{"line":57,"column":null}},"21":{"start":{"line":49,"column":6},"end":{"line":49,"column":23}},"22":{"start":{"line":50,"column":6},"end":{"line":50,"column":23}},"23":{"start":{"line":51,"column":6},"end":{"line":51,"column":66}},"24":{"start":{"line":56,"column":6},"end":{"line":56,"column":16}},"25":{"start":{"line":41,"column":15},"end":{"line":41,"column":30}}},"fnMap":{"0":{"name":"(anonymous_1)","decl":{"start":{"line":4,"column":27},"end":{"line":4,"column":32}},"loc":{"start":{"line":4,"column":86},"end":{"line":20,"column":3}}},"1":{"name":"(anonymous_2)","decl":{"start":{"line":23,"column":29},"end":{"line":23,"column":34}},"loc":{"start":{"line":23,"column":67},"end":{"line":38,"column":3}}},"2":{"name":"(anonymous_3)","decl":{"start":{"line":41,"column":30},"end":{"line":41,"column":35}},"loc":{"start":{"line":41,"column":68},"end":{"line":58,"column":3}}}},"branchMap":{"0":{"loc":{"start":{"line":5,"column":15},"end":{"line":5,"column":31}},"type":"binary-expr","locations":[{"start":{"line":5,"column":15},"end":{"line":5,"column":23}},{"start":{"line":5,"column":27},"end":{"line":5,"column":31}}]},"1":{"loc":{"start":{"line":7,"column":4},"end":{"line":9,"column":null}},"type":"if","locations":[{"start":{"line":7,"column":4},"end":{"line":9,"column":null}}]},"2":{"loc":{"start":{"line":25,"column":4},"end":{"line":27,"column":null}},"type":"if","locations":[{"start":{"line":25,"column":4},"end":{"line":27,"column":null}}]},"3":{"loc":{"start":{"line":43,"column":4},"end":{"line":45,"column":null}},"type":"if","locations":[{"start":{"line":43,"column":4},"end":{"line":45,"column":null}}]}},"s":{"0":1,"1":1,"2":1,"3":2,"4":2,"5":0,"6":2,"7":2,"8":0,"9":1,"10":1,"11":2,"12":0,"13":2,"14":2,"15":1,"16":1,"17":1,"18":0,"19":0,"20":0,"21":0,"22":0,"23":0,"24":0,"25":1},"f":{"0":2,"1":2,"2":0},"b":{"0":[2,1],"1":[0],"2":[0],"3":[0]}}
,"C:\\web\\peddle\\src\\api\\validations\\user.validation.ts": {"path":"C:\\web\\peddle\\src\\api\\validations\\user.validation.ts","statementMap":{"0":{"start":{"line":1,"column":0},"end":{"line":1,"column":22}},"1":{"start":{"line":3,"column":0},"end":{"line":3,"column":43}},"2":{"start":{"line":5,"column":15},"end":{"line":5,"column":50}},"3":{"start":{"line":7,"column":13},"end":{"line":10,"column":3}},"4":{"start":{"line":12,"column":13},"end":{"line":20,"column":3}},"5":{"start":{"line":22,"column":13},"end":{"line":52,"column":3}},"6":{"start":{"line":54,"column":13},"end":{"line":56,"column":3}},"7":{"start":{"line":58,"column":13},"end":{"line":62,"column":3}},"8":{"start":{"line":64,"column":13},"end":{"line":66,"column":3}}},"fnMap":{},"branchMap":{},"s":{"0":1,"1":1,"2":1,"3":1,"4":1,"5":1,"6":1,"7":1,"8":1},"f":{},"b":{}}
,"C:\\web\\peddle\\src\\api\\validations\\utils.ts": {"path":"C:\\web\\peddle\\src\\api\\validations\\utils.ts","statementMap":{"0":{"start":{"line":1,"column":0},"end":{"line":1,"column":44}},"1":{"start":{"line":2,"column":0},"end":{"line":2,"column":48}},"2":{"start":{"line":4,"column":13},"end":{"line":4,"column":93}},"3":{"start":{"line":5,"column":13},"end":{"line":5,"column":159}},"4":{"start":{"line":6,"column":13},"end":{"line":6,"column":100}},"5":{"start":{"line":7,"column":13},"end":{"line":7,"column":166}},"6":{"start":{"line":9,"column":40},"end":{"line":18,"column":1}},"7":{"start":{"line":10,"column":2},"end":{"line":10,"column":null}},"8":{"start":{"line":10,"column":34},"end":{"line":10,"column":44}},"9":{"start":{"line":11,"column":14},"end":{"line":11,"column":15}},"10":{"start":{"line":12,"column":2},"end":{"line":12,"column":39}},"11":{"start":{"line":13,"column":2},"end":{"line":13,"column":54}},"12":{"start":{"line":14,"column":2},"end":{"line":14,"column":46}},"13":{"start":{"line":15,"column":2},"end":{"line":15,"column":46}},"14":{"start":{"line":16,"column":2},"end":{"line":16,"column":46}},"15":{"start":{"line":17,"column":2},"end":{"line":17,"column":15}},"16":{"start":{"line":9,"column":13},"end":{"line":9,"column":40}},"17":{"start":{"line":20,"column":28},"end":{"line":28,"column":1}},"18":{"start":{"line":21,"column":2},"end":{"line":26,"column":null}},"19":{"start":{"line":22,"column":4},"end":{"line":24,"column":null}},"20":{"start":{"line":23,"column":6},"end":{"line":23,"column":null}},"21":{"start":{"line":25,"column":4},"end":{"line":25,"column":null}},"22":{"start":{"line":27,"column":2},"end":{"line":27,"column":14}},"23":{"start":{"line":20,"column":13},"end":{"line":20,"column":28}},"24":{"start":{"line":30,"column":30},"end":{"line":38,"column":1}},"25":{"start":{"line":31,"column":2},"end":{"line":36,"column":null}},"26":{"start":{"line":32,"column":4},"end":{"line":34,"column":null}},"27":{"start":{"line":33,"column":6},"end":{"line":33,"column":null}},"28":{"start":{"line":35,"column":4},"end":{"line":35,"column":null}},"29":{"start":{"line":37,"column":2},"end":{"line":37,"column":14}},"30":{"start":{"line":30,"column":13},"end":{"line":30,"column":30}}},"fnMap":{"0":{"name":"(anonymous_1)","decl":{"start":{"line":9,"column":40},"end":{"line":9,"column":41}},"loc":{"start":{"line":9,"column":89},"end":{"line":18,"column":1}}},"1":{"name":"(anonymous_2)","decl":{"start":{"line":20,"column":28},"end":{"line":20,"column":29}},"loc":{"start":{"line":20,"column":64},"end":{"line":28,"column":1}}},"2":{"name":"(anonymous_3)","decl":{"start":{"line":30,"column":30},"end":{"line":30,"column":31}},"loc":{"start":{"line":30,"column":62},"end":{"line":38,"column":1}}}},"branchMap":{"0":{"loc":{"start":{"line":9,"column":59},"end":{"line":9,"column":77}},"type":"default-arg","locations":[{"start":{"line":9,"column":76},"end":{"line":9,"column":77}}]},"1":{"loc":{"start":{"line":10,"column":2},"end":{"line":10,"column":null}},"type":"if","locations":[{"start":{"line":10,"column":2},"end":{"line":10,"column":null}}]},"2":{"loc":{"start":{"line":12,"column":11},"end":{"line":12,"column":38}},"type":"cond-expr","locations":[{"start":{"line":12,"column":33},"end":{"line":12,"column":34}},{"start":{"line":12,"column":37},"end":{"line":12,"column":38}}]},"3":{"loc":{"start":{"line":13,"column":11},"end":{"line":13,"column":53}},"type":"cond-expr","locations":[{"start":{"line":13,"column":48},"end":{"line":13,"column":49}},{"start":{"line":13,"column":52},"end":{"line":13,"column":53}}]},"4":{"loc":{"start":{"line":14,"column":11},"end":{"line":14,"column":45}},"type":"cond-expr","locations":[{"start":{"line":14,"column":40},"end":{"line":14,"column":41}},{"start":{"line":14,"column":44},"end":{"line":14,"column":45}}]},"5":{"loc":{"start":{"line":15,"column":11},"end":{"line":15,"column":45}},"type":"cond-expr","locations":[{"start":{"line":15,"column":40},"end":{"line":15,"column":41}},{"start":{"line":15,"column":44},"end":{"line":15,"column":45}}]},"6":{"loc":{"start":{"line":16,"column":11},"end":{"line":16,"column":45}},"type":"cond-expr","locations":[{"start":{"line":16,"column":40},"end":{"line":16,"column":41}},{"start":{"line":16,"column":44},"end":{"line":16,"column":45}}]},"7":{"loc":{"start":{"line":21,"column":2},"end":{"line":26,"column":null}},"type":"if","locations":[{"start":{"line":21,"column":2},"end":{"line":26,"column":null}}]},"8":{"loc":{"start":{"line":22,"column":4},"end":{"line":24,"column":null}},"type":"if","locations":[{"start":{"line":22,"column":4},"end":{"line":24,"column":null}}]},"9":{"loc":{"start":{"line":31,"column":2},"end":{"line":36,"column":null}},"type":"if","locations":[{"start":{"line":31,"column":2},"end":{"line":36,"column":null}}]},"10":{"loc":{"start":{"line":32,"column":4},"end":{"line":34,"column":null}},"type":"if","locations":[{"start":{"line":32,"column":4},"end":{"line":34,"column":null}}]}},"s":{"0":1,"1":1,"2":1,"3":1,"4":1,"5":1,"6":1,"7":0,"8":0,"9":0,"10":0,"11":0,"12":0,"13":0,"14":0,"15":0,"16":1,"17":1,"18":3,"19":2,"20":2,"21":0,"22":1,"23":1,"24":1,"25":0,"26":0,"27":0,"28":0,"29":0,"30":1},"f":{"0":0,"1":3,"2":0},"b":{"0":[0],"1":[0],"2":[0,0],"3":[0,0],"4":[0,0],"5":[0,0],"6":[0,0],"7":[2],"8":[2],"9":[0],"10":[0]}}
,"C:\\web\\peddle\\src\\config\\index.ts": {"path":"C:\\web\\peddle\\src\\config\\index.ts","statementMap":{"0":{"start":{"line":1,"column":0},"end":{"line":1,"column":24}},"1":{"start":{"line":3,"column":0},"end":{"line":3,"column":27}},"2":{"start":{"line":6,"column":13},"end":{"line":6,"column":63}},"3":{"start":{"line":7,"column":13},"end":{"line":7,"column":62}},"4":{"start":{"line":8,"column":13},"end":{"line":8,"column":53}},"5":{"start":{"line":9,"column":13},"end":{"line":11,"column":70}},"6":{"start":{"line":12,"column":13},"end":{"line":12,"column":94}},"7":{"start":{"line":13,"column":13},"end":{"line":14,"column":65}},"8":{"start":{"line":16,"column":13},"end":{"line":17,"column":90}},"9":{"start":{"line":19,"column":13},"end":{"line":19,"column":57}},"10":{"start":{"line":20,"column":13},"end":{"line":20,"column":56}},"11":{"start":{"line":21,"column":13},"end":{"line":21,"column":69}},"12":{"start":{"line":22,"column":13},"end":{"line":22,"column":58}},"13":{"start":{"line":23,"column":13},"end":{"line":23,"column":67}}},"fnMap":{},"branchMap":{"0":{"loc":{"start":{"line":6,"column":20},"end":{"line":6,"column":62}},"type":"cond-expr","locations":[{"start":{"line":6,"column":39},"end":{"line":6,"column":55}},{"start":{"line":6,"column":58},"end":{"line":6,"column":62}}]},"1":{"loc":{"start":{"line":7,"column":24},"end":{"line":7,"column":61}},"type":"binary-expr","locations":[{"start":{"line":7,"column":24},"end":{"line":7,"column":44}},{"start":{"line":7,"column":48},"end":{"line":7,"column":61}}]},"2":{"loc":{"start":{"line":8,"column":23},"end":{"line":8,"column":52}},"type":"binary-expr","locations":[{"start":{"line":8,"column":23},"end":{"line":8,"column":42}},{"start":{"line":8,"column":46},"end":{"line":8,"column":52}}]},"3":{"loc":{"start":{"line":9,"column":28},"end":{"line":11,"column":69}},"type":"cond-expr","locations":[{"start":{"line":11,"column":4},"end":{"line":11,"column":39}},{"start":{"line":11,"column":42},"end":{"line":11,"column":69}}]},"4":{"loc":{"start":{"line":12,"column":24},"end":{"line":12,"column":93}},"type":"cond-expr","locations":[{"start":{"line":12,"column":43},"end":{"line":12,"column":63}},{"start":{"line":12,"column":66},"end":{"line":12,"column":93}}]},"5":{"loc":{"start":{"line":13,"column":30},"end":{"line":14,"column":64}},"type":"binary-expr","locations":[{"start":{"line":13,"column":30},"end":{"line":13,"column":56}},{"start":{"line":14,"column":5},"end":{"line":14,"column":64}}]},"6":{"loc":{"start":{"line":16,"column":42},"end":{"line":17,"column":89}},"type":"cond-expr","locations":[{"start":{"line":17,"column":4},"end":{"line":17,"column":42}},{"start":{"line":17,"column":45},"end":{"line":17,"column":89}}]}},"s":{"0":1,"1":1,"2":1,"3":1,"4":1,"5":1,"6":1,"7":1,"8":1,"9":1,"10":1,"11":1,"12":1,"13":1},"f":{},"b":{"0":[0,1],"1":[1,0],"2":[1,0],"3":[0,1],"4":[0,1],"5":[1,0],"6":[0,1]}}
}
