TN:
SF:src\api\middlewares\auth.ts
FN:8,(anonymous_0)
FN:14,decodeTokenMiddleware
FNF:2
FNH:2
FNDA:2,(anonymous_0)
FNDA:3,decodeTokenMiddleware
DA:2,1
DA:3,1
DA:6,1
DA:9,2
DA:10,2
DA:15,3
DA:16,3
DA:17,2
DA:18,2
DA:19,2
DA:20,1
DA:22,1
DA:23,1
DA:26,0
DA:30,2
DA:31,1
DA:33,1
DA:37,1
LF:18
LH:17
BRDA:16,0,0,3
BRDA:16,0,1,0
BRDA:17,1,0,2
BRDA:17,1,1,0
BRDA:30,2,0,1
BRF:5
BRH:3
end_of_record
TN:
SF:src\api\utils\password.ts
FN:4,(anonymous_1)
FN:11,(anonymous_2)
FNF:2
FNH:2
FNDA:3,(anonymous_1)
FNDA:2,(anonymous_2)
DA:1,1
DA:4,1
DA:5,3
DA:6,3
DA:7,3
DA:11,1
DA:12,2
DA:13,2
DA:14,2
LF:9
LH:9
BRF:0
BRH:0
end_of_record
TN:
SF:src\api\utils\tokenizer.ts
FN:4,(anonymous_1)
FN:23,(anonymous_2)
FN:41,(anonymous_3)
FNF:3
FNH:2
FNDA:2,(anonymous_1)
FNDA:2,(anonymous_2)
FNDA:0,(anonymous_3)
DA:1,1
DA:2,1
DA:4,1
DA:5,2
DA:7,2
DA:8,0
DA:11,2
DA:13,2
DA:18,0
DA:23,1
DA:25,2
DA:26,0
DA:29,2
DA:31,2
DA:36,1
DA:41,1
DA:43,0
DA:44,0
DA:47,0
DA:49,0
DA:50,0
DA:51,0
DA:56,0
LF:23
LH:13
BRDA:5,0,0,2
BRDA:5,0,1,1
BRDA:7,1,0,0
BRDA:25,2,0,0
BRDA:43,3,0,0
BRF:5
BRH:2
end_of_record
TN:
SF:src\api\validations\user.validation.ts
FNF:0
FNH:0
DA:1,1
DA:3,1
DA:5,1
DA:7,1
DA:12,1
DA:22,1
DA:54,1
DA:58,1
DA:64,1
LF:9
LH:9
BRF:0
BRH:0
end_of_record
TN:
SF:src\api\validations\utils.ts
FN:9,(anonymous_1)
FN:20,(anonymous_2)
FN:30,(anonymous_3)
FNF:3
FNH:1
FNDA:0,(anonymous_1)
FNDA:3,(anonymous_2)
FNDA:0,(anonymous_3)
DA:1,1
DA:2,1
DA:4,1
DA:5,1
DA:6,1
DA:7,1
DA:9,1
DA:10,0
DA:11,0
DA:12,0
DA:13,0
DA:14,0
DA:15,0
DA:16,0
DA:17,0
DA:20,1
DA:21,3
DA:22,2
DA:23,2
DA:25,0
DA:27,1
DA:30,1
DA:31,0
DA:32,0
DA:33,0
DA:35,0
DA:37,0
LF:27
LH:13
BRDA:9,0,0,0
BRDA:10,1,0,0
BRDA:12,2,0,0
BRDA:12,2,1,0
BRDA:13,3,0,0
BRDA:13,3,1,0
BRDA:14,4,0,0
BRDA:14,4,1,0
BRDA:15,5,0,0
BRDA:15,5,1,0
BRDA:16,6,0,0
BRDA:16,6,1,0
BRDA:21,7,0,2
BRDA:22,8,0,2
BRDA:31,9,0,0
BRDA:32,10,0,0
BRF:16
BRH:2
end_of_record
TN:
SF:src\config\index.ts
FNF:0
FNH:0
DA:1,1
DA:3,1
DA:6,1
DA:7,1
DA:8,1
DA:9,1
DA:12,1
DA:13,1
DA:16,1
DA:19,1
DA:20,1
DA:21,1
DA:22,1
DA:23,1
LF:14
LH:14
BRDA:6,0,0,0
BRDA:6,0,1,1
BRDA:7,1,0,1
BRDA:7,1,1,0
BRDA:8,2,0,1
BRDA:8,2,1,0
BRDA:9,3,0,0
BRDA:9,3,1,1
BRDA:12,4,0,0
BRDA:12,4,1,1
BRDA:13,5,0,1
BRDA:13,5,1,0
BRDA:16,6,0,0
BRDA:16,6,1,1
BRF:14
BRH:7
end_of_record
